<?xml version="1.0" encoding="UTF-8"?>
<testsuite xmlns:xsi="http://www.w3.org/2001/XMLSchema-instance" xsi:noNamespaceSchemaLocation="https://maven.apache.org/surefire/maven-surefire-plugin/xsd/surefire-test-report.xsd" name="nl.han.oose.jellema.rick.services.CacheTest" time="0.001" tests="5" errors="0" skipped="0" failures="0">
  <properties>
[...]
</properties>
  <testcase name="getUserShouldThrowInvalidTokenExceptionIfNoUserFoundTest" classname="nl.han.oose.jellema.rick.services.CacheTest" time="0"/>
  <testcase name="getUserShouldReturnUserTest" classname="nl.han.oose.jellema.rick.services.CacheTest" time="0"/>
  <testcase name="addToCacheShouldAddUserToCache" classname="nl.han.oose.jellema.rick.services.CacheTest" time="0"/>
  <testcase name="userExistsShouldThrowInvalidtokenExceptionIfNoUserFoundTest" classname="nl.han.oose.jellema.rick.services.CacheTest" time="0"/>
  <testcase name="userExistsShouldReturnTrue" classname="nl.han.oose.jellema.rick.services.CacheTest" time="0"/>
</testsuite>